2017/03/27 10:10:22 INFO  - jmeter.util.JMeterUtils: Setting Locale to en_GB 
2017/03/27 10:10:23 INFO  - jmeter.JMeter: Loading user properties from: C:\Users\Muzna\Downloads\apache-jmeter-3.1\bin\user.properties 
2017/03/27 10:10:23 INFO  - jmeter.JMeter: Loading system properties from: C:\Users\Muzna\Downloads\apache-jmeter-3.1\bin\system.properties 
2017/03/27 10:10:23 INFO  - jmeter.JMeter: Copyright (c) 1998-2016 The Apache Software Foundation 
2017/03/27 10:10:23 INFO  - jmeter.JMeter: Version 3.1 r1770033 
2017/03/27 10:10:23 INFO  - jmeter.JMeter: java.version=1.8.0_121 
2017/03/27 10:10:23 INFO  - jmeter.JMeter: java.vm.name=Java HotSpot(TM) 64-Bit Server VM 
2017/03/27 10:10:23 INFO  - jmeter.JMeter: os.name=Windows 10 
2017/03/27 10:10:23 INFO  - jmeter.JMeter: os.arch=amd64 
2017/03/27 10:10:23 INFO  - jmeter.JMeter: os.version=10.0 
2017/03/27 10:10:23 INFO  - jmeter.JMeter: file.encoding=Cp1252 
2017/03/27 10:10:23 INFO  - jmeter.JMeter: Max memory     =937951232 
2017/03/27 10:10:23 INFO  - jmeter.JMeter: Available Processors =4 
2017/03/27 10:10:23 INFO  - jmeter.JMeter: Default Locale=English (United Kingdom) 
2017/03/27 10:10:23 INFO  - jmeter.JMeter: JMeter  Locale=English (United Kingdom) 
2017/03/27 10:10:23 INFO  - jmeter.JMeter: JMeterHome=C:\Users\Muzna\Downloads\apache-jmeter-3.1 
2017/03/27 10:10:23 INFO  - jmeter.JMeter: user.dir  =C:\Users\Muzna\Downloads\apache-jmeter-3.1\bin 
2017/03/27 10:10:23 INFO  - jmeter.JMeter: PWD       =C:\Users\Muzna\Downloads\apache-jmeter-3.1\bin 
2017/03/27 10:10:23 INFO  - jmeter.JMeter: IP: 192.168.100.17 Name: Muzna FullName: Muzna 
2017/03/27 10:10:24 INFO  - jmeter.gui.action.LookAndFeelCommand: Using look and feel: javax.swing.plaf.metal.MetalLookAndFeel [Metal, CrossPlatform] 
2017/03/27 10:10:24 INFO  - jmeter.JMeter: Loaded icon properties from org/apache/jmeter/images/icon.properties 
2017/03/27 10:10:25 INFO  - jmeter.engine.util.CompoundVariable: Note: Function class names must contain the string: '.functions.' 
2017/03/27 10:10:25 INFO  - jmeter.engine.util.CompoundVariable: Note: Function class names must not contain the string: '.gui.' 
2017/03/27 10:10:33 INFO  - org.jmeterplugins.repository.PluginManager: Plugins Status: [jmeter-ftp=3.1, jmeter-http=3.1, jmeter-jdbc=3.1, jmeter-jms=3.1, jmeter-core=3.1, jmeter-junit=3.1, jmeter-java=3.1, jmeter-ldap=3.1, mqtt-sampler=0.0.1-SNAPSHOT, jmeter-mail=3.1, jmeter-mongodb=3.1, jmeter-native=3.1, jpgc-plugins-manager=0.11, jmeter-tcp=3.1, jmeter-components=3.1] 
2017/03/27 10:10:33 INFO  - net.xmeter.gui.ConnectionSamplerUI: Initializing the UI. 
2017/03/27 10:10:34 INFO  - net.xmeter.gui.PubSamplerUI: Initializing the UI. 
2017/03/27 10:10:34 INFO  - net.xmeter.gui.SubSamplerUI: Initializing the UI. 
2017/03/27 10:10:34 INFO  - jmeter.gui.util.MenuFactory: Skipping org.apache.jmeter.assertions.BSFAssertion 
2017/03/27 10:10:35 INFO  - jmeter.gui.util.MenuFactory: Skipping org.apache.jmeter.extractor.BSFPostProcessor 
2017/03/27 10:10:35 INFO  - jmeter.gui.util.MenuFactory: Skipping org.apache.jmeter.modifiers.BSFPreProcessor 
2017/03/27 10:10:35 INFO  - jmeter.protocol.http.sampler.HTTPSamplerBase: Parser for text/html is org.apache.jmeter.protocol.http.parser.LagartoBasedHtmlParser 
2017/03/27 10:10:35 INFO  - jmeter.protocol.http.sampler.HTTPSamplerBase: Parser for application/xhtml+xml is org.apache.jmeter.protocol.http.parser.LagartoBasedHtmlParser 
2017/03/27 10:10:35 INFO  - jmeter.protocol.http.sampler.HTTPSamplerBase: Parser for application/xml is org.apache.jmeter.protocol.http.parser.LagartoBasedHtmlParser 
2017/03/27 10:10:35 INFO  - jmeter.protocol.http.sampler.HTTPSamplerBase: Parser for text/xml is org.apache.jmeter.protocol.http.parser.LagartoBasedHtmlParser 
2017/03/27 10:10:35 INFO  - jmeter.protocol.http.sampler.HTTPSamplerBase: Parser for text/vnd.wap.wml is org.apache.jmeter.protocol.http.parser.RegexpHTMLParser 
2017/03/27 10:10:35 INFO  - jmeter.protocol.http.sampler.HTTPSamplerBase: Parser for text/css is org.apache.jmeter.protocol.http.parser.CssParser 
2017/03/27 10:10:36 INFO  - jorphan.exec.KeyToolUtils: keytool found at 'keytool' 
2017/03/27 10:10:36 INFO  - jmeter.protocol.http.proxy.ProxyControl: HTTP(S) Test Script Recorder SSL Proxy will use keys that support embedded 3rd party resources in file C:\Users\Muzna\Downloads\apache-jmeter-3.1\bin\proxyserver.jks 
2017/03/27 10:10:36 INFO  - jmeter.gui.util.MenuFactory: Skipping org.apache.jmeter.protocol.java.sampler.BSFSampler 
2017/03/27 10:10:36 INFO  - jmeter.gui.util.MenuFactory: Skipping org.apache.jmeter.protocol.mongodb.config.MongoSourceElement 
2017/03/27 10:10:36 INFO  - jmeter.gui.util.MenuFactory: Skipping org.apache.jmeter.protocol.mongodb.sampler.MongoScriptSampler 
2017/03/27 10:10:36 WARN  - jmeter.util.JMeterUtils: ERROR! Resource string not found: [mqtt_qos] 
2017/03/27 10:10:36 WARN  - jmeter.util.JMeterUtils: ERROR! Resource string not found: [mqtt_at_most_once] 
2017/03/27 10:10:36 WARN  - jmeter.util.JMeterUtils: ERROR! Resource string not found: [mqtt_at_least_once] 
2017/03/27 10:10:36 WARN  - jmeter.util.JMeterUtils: ERROR! Resource string not found: [mqtt_exactly_once] 
2017/03/27 10:10:36 WARN  - jmeter.util.JMeterUtils: ERROR! Resource string not found: [mqtt_client_types] 
2017/03/27 10:10:36 WARN  - jmeter.util.JMeterUtils: ERROR! Resource string not found: [mqtt_blocking_client] 
2017/03/27 10:10:36 WARN  - jmeter.util.JMeterUtils: ERROR! Resource string not found: [mqtt_async_client] 
2017/03/27 10:10:36 WARN  - jmeter.util.JMeterUtils: ERROR! Resource string not found: [mqtt_message_input_type] 
2017/03/27 10:10:36 WARN  - jmeter.util.JMeterUtils: ERROR! Resource string not found: [mqtt_message_input_type_text] 
2017/03/27 10:10:36 WARN  - jmeter.util.JMeterUtils: ERROR! Resource string not found: [mqtt_message_input_type_file] 
2017/03/27 10:10:36 WARN  - jmeter.util.JMeterUtils: ERROR! Resource string not found: [mqtt_qos] 
2017/03/27 10:10:36 WARN  - jmeter.util.JMeterUtils: ERROR! Resource string not found: [mqtt_at_most_once] 
2017/03/27 10:10:36 WARN  - jmeter.util.JMeterUtils: ERROR! Resource string not found: [mqtt_at_least_once] 
2017/03/27 10:10:36 WARN  - jmeter.util.JMeterUtils: ERROR! Resource string not found: [mqtt_exactly_once] 
2017/03/27 10:10:36 WARN  - jmeter.util.JMeterUtils: ERROR! Resource string not found: [mqtt_client_types] 
2017/03/27 10:10:36 WARN  - jmeter.util.JMeterUtils: ERROR! Resource string not found: [mqtt_blocking_client] 
2017/03/27 10:10:36 WARN  - jmeter.util.JMeterUtils: ERROR! Resource string not found: [mqtt_async_client] 
2017/03/27 10:10:37 INFO  - jmeter.gui.util.MenuFactory: Skipping org.apache.jmeter.timers.BSFTimer 
2017/03/27 10:10:37 INFO  - jmeter.gui.util.MenuFactory: Skipping org.apache.jmeter.visualizers.BSFListener 
2017/03/27 10:10:37 INFO  - jmeter.gui.util.MenuFactory: Skipping org.apache.jmeter.visualizers.MonitorHealthVisualizer 
2017/03/27 10:10:37 INFO  - jmeter.samplers.SampleResult: Note: Sample TimeStamps are START times 
2017/03/27 10:10:37 INFO  - jmeter.samplers.SampleResult: sampleresult.default.encoding is set to ISO-8859-1 
2017/03/27 10:10:37 INFO  - jmeter.samplers.SampleResult: sampleresult.useNanoTime=true 
2017/03/27 10:10:37 INFO  - jmeter.samplers.SampleResult: sampleresult.nanoThreadSleep=5000 
2017/03/27 10:10:54 INFO  - net.xmeter.gui.ConnectionSamplerUI: Initializing the UI. 
2017/03/27 10:13:40 INFO  - net.xmeter.gui.PubSamplerUI: Initializing the UI. 
2017/03/27 10:14:10 INFO  - net.xmeter.gui.SubSamplerUI: Initializing the UI. 
2017/03/27 10:15:47 INFO  - jmeter.services.FileServer: Default base='C:\Users\Muzna\Downloads\apache-jmeter-3.1\bin' 
2017/03/27 10:15:47 INFO  - jmeter.services.FileServer: Set new base='C:\Users\Muzna\Downloads\apache-jmeter-3.1\bin\Tests' 
2017/03/27 10:15:47 INFO  - jmeter.save.SaveService: Testplan (JMX) version: 2.2. Testlog (JTL) version: 2.2 
2017/03/27 10:15:47 INFO  - jmeter.save.SaveService: Using SaveService properties file encoding UTF-8 
2017/03/27 10:15:47 INFO  - jmeter.save.SaveService: Using SaveService properties version 3.1 
2017/03/27 10:15:47 INFO  - jmeter.save.SaveService: All converter versions present and correct 
2017/03/27 10:15:47 INFO  - jmeter.engine.StandardJMeterEngine: Running the test! 
2017/03/27 10:15:47 INFO  - jmeter.samplers.SampleEvent: List of sample_variables: [] 
2017/03/27 10:15:47 INFO  - jmeter.samplers.SampleEvent: List of sample_variables: [] 
2017/03/27 10:15:47 INFO  - net.xmeter.samplers.ConnectionSampler: Keeptime is: 1800 
2017/03/27 10:15:47 INFO  - jmeter.gui.util.JMeterMenuBar: setRunning(true,*local*) 
2017/03/27 10:15:47 INFO  - jmeter.engine.StandardJMeterEngine: Starting ThreadGroup: 1 : Thread Group 
2017/03/27 10:15:47 INFO  - jmeter.engine.StandardJMeterEngine: Starting 1 threads for group Thread Group. 
2017/03/27 10:15:47 INFO  - jmeter.engine.StandardJMeterEngine: Thread will continue on error 
2017/03/27 10:15:47 INFO  - jmeter.threads.ThreadGroup: Starting thread group number 1 threads 1 ramp-up 1 perThread 1000.0 delayedStart=false 
2017/03/27 10:15:47 INFO  - jmeter.threads.ThreadGroup: Started thread group number 1 
2017/03/27 10:15:47 INFO  - jmeter.engine.StandardJMeterEngine: All thread groups have been started 
2017/03/27 10:15:47 INFO  - jmeter.threads.JMeterThread: Thread started: Thread Group 1-1 
2017/03/27 10:15:49 INFO  - net.xmeter.samplers.SubSampler: QoS level is: 1 
2017/03/27 10:15:50 INFO  - net.xmeter.samplers.ConnectionSampler: Created the sampler results, will sleep current thread for 1800 sceconds 
2017/03/27 10:15:50 INFO  - net.xmeter.samplers.SubSampler: sub successful:  
2017/03/27 10:17:37 INFO  - jmeter.gui.action.Start: Stopping test 
2017/03/27 10:17:37 INFO  - jmeter.threads.JMeterThread: Stopping: Thread Group 1-1 
2017/03/27 10:17:37 ERROR - net.xmeter.samplers.ConnectionSampler: sleep interrupted java.lang.InterruptedException: sleep interrupted
	at java.lang.Thread.sleep(Native Method)
	at java.lang.Thread.sleep(Unknown Source)
	at java.util.concurrent.TimeUnit.sleep(Unknown Source)
	at net.xmeter.samplers.ConnectionSampler.sleepCurrentThreadAndDisconnect(ConnectionSampler.java:161)
	at net.xmeter.samplers.ConnectionSampler.sampleOccurred(ConnectionSampler.java:194)
	at org.apache.jmeter.threads.ListenerNotifier.notifyListeners(ListenerNotifier.java:67)
	at org.apache.jmeter.threads.JMeterThread.notifyListeners(JMeterThread.java:852)
	at org.apache.jmeter.threads.JMeterThread.executeSamplePackage(JMeterThread.java:505)
	at org.apache.jmeter.threads.JMeterThread.processSampler(JMeterThread.java:418)
	at org.apache.jmeter.threads.JMeterThread.run(JMeterThread.java:249)
	at java.lang.Thread.run(Unknown Source)

2017/03/27 10:17:37 INFO  - net.xmeter.samplers.ConnectionSampler: The connection org.fusesource.mqtt.client.FutureConnection@18f20081 disconneted successfully. 
2017/03/27 10:17:37 INFO  - jmeter.threads.JMeterThread: Thread finished: Thread Group 1-1 
2017/03/27 10:17:37 INFO  - net.xmeter.samplers.PubSampler: The connection org.fusesource.mqtt.client.FutureConnection@559da5a1 disconneted successfully. 
2017/03/27 10:17:37 INFO  - jmeter.engine.StandardJMeterEngine: Notifying test listeners of end of test 
2017/03/27 10:17:37 INFO  - jmeter.gui.util.JMeterMenuBar: setRunning(false,*local*) 
2017/03/27 10:17:37 INFO  - net.xmeter.samplers.SubSampler: Connection org.fusesource.mqtt.client.CallbackConnection@22a25588 disconnect successfully. 
2017/03/27 10:19:49 INFO  - jmeter.engine.StandardJMeterEngine: Running the test! 
2017/03/27 10:19:49 INFO  - jmeter.samplers.SampleEvent: List of sample_variables: [] 
2017/03/27 10:19:49 INFO  - net.xmeter.samplers.ConnectionSampler: Keeptime is: 1800 
2017/03/27 10:19:49 INFO  - jmeter.gui.util.JMeterMenuBar: setRunning(true,*local*) 
2017/03/27 10:19:49 INFO  - jmeter.engine.StandardJMeterEngine: Starting ThreadGroup: 1 : Thread Group 
2017/03/27 10:19:49 INFO  - jmeter.engine.StandardJMeterEngine: Starting 1 threads for group Thread Group. 
2017/03/27 10:19:49 INFO  - jmeter.engine.StandardJMeterEngine: Thread will continue on error 
2017/03/27 10:19:49 INFO  - jmeter.threads.ThreadGroup: Starting thread group number 1 threads 1 ramp-up 1 perThread 1000.0 delayedStart=false 
2017/03/27 10:19:49 INFO  - jmeter.threads.ThreadGroup: Started thread group number 1 
2017/03/27 10:19:49 INFO  - jmeter.engine.StandardJMeterEngine: All thread groups have been started 
2017/03/27 10:19:49 INFO  - jmeter.threads.JMeterThread: Thread started: Thread Group 1-1 
2017/03/27 10:19:50 INFO  - net.xmeter.samplers.SubSampler: QoS level is: 1 
2017/03/27 10:19:51 INFO  - net.xmeter.samplers.ConnectionSampler: Created the sampler results, will sleep current thread for 1800 sceconds 
2017/03/27 10:19:52 INFO  - net.xmeter.samplers.SubSampler: sub successful:  
2017/03/27 10:49:52 INFO  - net.xmeter.samplers.ConnectionSampler: The connection org.fusesource.mqtt.client.FutureConnection@1c3b6d4a disconneted successfully. 
2017/03/27 10:49:53 INFO  - net.xmeter.samplers.ConnectionSampler: Created the sampler results, will sleep current thread for 1800 sceconds 
2017/03/27 10:49:53 INFO  - net.xmeter.samplers.ConnectionSampler: Connection is created, but is not connected. 
2017/03/27 10:49:53 INFO  - net.xmeter.samplers.ConnectionSampler: The connection org.fusesource.mqtt.client.FutureConnection@1c3b6d4a disconneted successfully. 
2017/03/27 10:49:53 INFO  - net.xmeter.samplers.ConnectionSampler: Created the sampler results, will sleep current thread for 1800 sceconds 
2017/03/27 10:49:53 INFO  - net.xmeter.samplers.ConnectionSampler: Connection is created, but is not connected. 
2017/03/27 10:49:53 INFO  - net.xmeter.samplers.ConnectionSampler: The connection org.fusesource.mqtt.client.FutureConnection@1c3b6d4a disconneted successfully. 
2017/03/27 10:49:53 INFO  - jmeter.threads.JMeterThread: Thread is done: Thread Group 1-1 
2017/03/27 10:49:53 INFO  - jmeter.threads.JMeterThread: Thread finished: Thread Group 1-1 
2017/03/27 10:49:53 INFO  - net.xmeter.samplers.PubSampler: The connection org.fusesource.mqtt.client.FutureConnection@12fc90bd disconneted successfully. 
2017/03/27 10:49:53 INFO  - jmeter.engine.StandardJMeterEngine: Notifying test listeners of end of test 
2017/03/27 10:49:53 INFO  - jmeter.gui.util.JMeterMenuBar: setRunning(false,*local*) 
2017/03/27 10:49:53 INFO  - net.xmeter.samplers.SubSampler: Connection org.fusesource.mqtt.client.CallbackConnection@682a3205 disconnect successfully. 
2017/03/27 15:01:28 INFO  - jmeter.engine.StandardJMeterEngine: Running the test! 
2017/03/27 15:01:28 INFO  - jmeter.samplers.SampleEvent: List of sample_variables: [] 
2017/03/27 15:01:28 INFO  - net.xmeter.samplers.ConnectionSampler: Keeptime is: 1800 
2017/03/27 15:01:28 INFO  - jmeter.gui.util.JMeterMenuBar: setRunning(true,*local*) 
2017/03/27 15:01:28 INFO  - jmeter.engine.StandardJMeterEngine: Starting ThreadGroup: 1 : Thread Group 
2017/03/27 15:01:28 INFO  - jmeter.engine.StandardJMeterEngine: Starting 1 threads for group Thread Group. 
2017/03/27 15:01:28 INFO  - jmeter.engine.StandardJMeterEngine: Thread will continue on error 
2017/03/27 15:01:28 INFO  - jmeter.threads.ThreadGroup: Starting thread group number 1 threads 1 ramp-up 1 perThread 1000.0 delayedStart=false 
2017/03/27 15:01:28 INFO  - jmeter.threads.ThreadGroup: Started thread group number 1 
2017/03/27 15:01:28 INFO  - jmeter.engine.StandardJMeterEngine: All thread groups have been started 
2017/03/27 15:01:28 INFO  - jmeter.threads.JMeterThread: Thread started: Thread Group 1-1 
2017/03/27 15:01:29 INFO  - net.xmeter.samplers.SubSampler: QoS level is: 1 
2017/03/27 15:01:30 INFO  - net.xmeter.samplers.ConnectionSampler: Created the sampler results, will sleep current thread for 1800 sceconds 
2017/03/27 15:01:30 INFO  - net.xmeter.samplers.SubSampler: sub successful:  
2017/03/27 15:04:07 INFO  - jmeter.gui.action.Start: Stopping test 
2017/03/27 15:04:07 INFO  - jmeter.threads.JMeterThread: Stopping: Thread Group 1-1 
2017/03/27 15:04:07 ERROR - net.xmeter.samplers.ConnectionSampler: sleep interrupted java.lang.InterruptedException: sleep interrupted
	at java.lang.Thread.sleep(Native Method)
	at java.lang.Thread.sleep(Unknown Source)
	at java.util.concurrent.TimeUnit.sleep(Unknown Source)
	at net.xmeter.samplers.ConnectionSampler.sleepCurrentThreadAndDisconnect(ConnectionSampler.java:161)
	at net.xmeter.samplers.ConnectionSampler.sampleOccurred(ConnectionSampler.java:194)
	at org.apache.jmeter.threads.ListenerNotifier.notifyListeners(ListenerNotifier.java:67)
	at org.apache.jmeter.threads.JMeterThread.notifyListeners(JMeterThread.java:852)
	at org.apache.jmeter.threads.JMeterThread.executeSamplePackage(JMeterThread.java:505)
	at org.apache.jmeter.threads.JMeterThread.processSampler(JMeterThread.java:418)
	at org.apache.jmeter.threads.JMeterThread.run(JMeterThread.java:249)
	at java.lang.Thread.run(Unknown Source)

2017/03/27 15:04:07 INFO  - net.xmeter.samplers.ConnectionSampler: The connection org.fusesource.mqtt.client.FutureConnection@43e2d19f disconneted successfully. 
2017/03/27 15:04:07 INFO  - jmeter.threads.JMeterThread: Thread finished: Thread Group 1-1 
2017/03/27 15:04:07 INFO  - net.xmeter.samplers.PubSampler: The connection org.fusesource.mqtt.client.FutureConnection@491abaef disconneted successfully. 
2017/03/27 15:04:07 INFO  - jmeter.engine.StandardJMeterEngine: Notifying test listeners of end of test 
2017/03/27 15:04:07 INFO  - jmeter.gui.util.JMeterMenuBar: setRunning(false,*local*) 
2017/03/27 15:04:07 INFO  - net.xmeter.samplers.SubSampler: Connection org.fusesource.mqtt.client.CallbackConnection@71121f97 disconnect successfully. 
